_index,_id,_version,_score,_source.agent.ip,_source.agent.name,_source.agent.id,_source.manager.name,_source.data.win.eventdata.subjectLogonId,_source.data.win.eventdata.subjectDomainName,_source.data.win.eventdata.targetLinkedLogonId,_source.data.win.eventdata.impersonationLevel,_source.data.win.eventdata.authenticationPackageName,_source.data.win.eventdata.targetLogonId,_source.data.win.eventdata.logonProcessName,_source.data.win.eventdata.logonGuid,_source.data.win.eventdata.targetUserName,_source.data.win.eventdata.keyLength,_source.data.win.eventdata.elevatedToken,_source.data.win.eventdata.subjectUserSid,_source.data.win.eventdata.processId,_source.data.win.eventdata.processName,_source.data.win.eventdata.targetDomainName,_source.data.win.eventdata.targetUserSid,_source.data.win.eventdata.virtualAccount,_source.data.win.eventdata.logonType,_source.data.win.eventdata.subjectUserName,_source.data.win.system.eventID,_source.data.win.system.keywords,_source.data.win.system.providerGuid,_source.data.win.system.level,_source.data.win.system.channel,_source.data.win.system.opcode,_source.data.win.system.message,_source.data.win.system.version,_source.data.win.system.systemTime,_source.data.win.system.eventRecordID,_source.data.win.system.threadID,_source.data.win.system.computer,_source.data.win.system.task,_source.data.win.system.processID,_source.data.win.system.severityValue,_source.data.win.system.providerName,_source.rule.mail,_source.rule.level,_source.rule.pci_dss,_source.rule.hipaa,_source.rule.tsc,_source.rule.description,_source.rule.groups,_source.rule.nist_800_53,_source.rule.gdpr,_source.rule.firedtimes,_source.rule.mitre.technique,_source.rule.mitre.id,_source.rule.mitre.tactic,_source.rule.id,_source.rule.gpg13,_source.decoder.name,_source.full_log,_source.input.type,_source.@timestamp,_source.location,_source.id,_source.timestamp,_source.data.win.eventdata.destinationPort,_source.data.win.eventdata.image,_source.data.win.eventdata.sourcePort,_source.data.win.eventdata.initiated,_source.data.win.eventdata.destinationIp,_source.data.win.eventdata.protocol,_source.data.win.eventdata.processGuid,_source.data.win.eventdata.sourceIp,_source.data.win.eventdata.sourceHostname,_source.data.win.eventdata.utcTime,_source.data.win.eventdata.destinationPortName,_source.data.win.eventdata.destinationIsIpv6,_source.data.win.eventdata.user,_source.data.win.eventdata.sourceIsIpv6,_source.data.win.eventdata.data,_source.data.win.eventdata.parentProcessGuid,_source.data.win.eventdata.parentCommandLine,_source.data.win.eventdata.logonId,_source.data.win.eventdata.parentProcessId,_source.data.win.eventdata.currentDirectory,_source.data.win.eventdata.hashes,_source.data.win.eventdata.parentImage,_source.data.win.eventdata.commandLine,_source.data.win.eventdata.integrityLevel,_source.data.win.eventdata.terminalSessionId,_source.data.win.eventdata.parentUser,_source.data.win.eventdata.targetProcessGuid,_source.data.win.eventdata.targetProcessId,_source.data.win.eventdata.startAddress,_source.data.win.eventdata.sourceUser,_source.data.win.eventdata.sourceProcessId,_source.data.win.eventdata.sourceImage,_source.data.win.eventdata.newThreadId,_source.data.win.eventdata.sourceProcessGuid,_source.data.win.eventdata.targetImage,_source.data.win.eventdata.targetUser,_source.data.win.eventdata.grantedAccess,_source.data.win.eventdata.sourceProcessGUID,_source.data.win.eventdata.callTrace,_source.data.win.eventdata.sourceThreadId,_source.data.win.eventdata.targetProcessGUID,_source.data.win.eventdata.ruleName,_source.data.win.eventdata.originalFileName,_source.data.win.eventdata.product,_source.data.win.eventdata.description,_source.data.win.eventdata.company,_source.data.win.eventdata.fileVersion,_source.data.win.eventdata.eventType,_source.data.win.eventdata.pipeName,_source.data.win.eventdata.ipAddress,_source.data.win.eventdata.workstationName,_source.data.win.eventdata.ipPort,_source.data.win.eventdata.targetFilename,_source.data.win.eventdata.creationUtcTime,_source.data.win.eventdata.destinationHostname
wazuh-archives-4.x-2024.10.22,EZbYs5IBGMSXMusAUu-h,1,1,192.168.100.3,DESKTOP-LHSLH89,001,wazuh,0x3e7,WORKGROUP,0x0,%%1833,Negotiate,0x3e7,Advapi,{00000000-0000-0000-0000-000000000000},SYSTEM,0,%%1842,S-1-5-18,0x27c,C:\\Windows\\System32\\services.exe,NT AUTHORITY,S-1-5-18,%%1843,5,DESKTOP-LHSLH89$,4624,0x8020000000000000,{54849625-5478-4994-a5ba-3e3b0328c30d},0,Security,0,"""An account was successfully logged on.

Subject:
	Security ID:		S-1-5-18
	Account Name:		DESKTOP-LHSLH89$
	Account Domain:		WORKGROUP
	Logon ID:		0x3E7

Logon Information:
	Logon Type:		5
	Restricted Admin Mode:	-
	Virtual Account:		No
	Elevated Token:		Yes

Impersonation Level:		Impersonation

New Logon:
	Security ID:		S-1-5-18
	Account Name:		SYSTEM
	Account Domain:		NT AUTHORITY
	Logon ID:		0x3E7
	Linked Logon ID:		0x0
	Network Account Name:	-
	Network Account Domain:	-
	Logon GUID:		{00000000-0000-0000-0000-000000000000}

Process Information:
	Process ID:		0x27c
	Process Name:		C:\Windows\System32\services.exe

Network Information:
	Workstation Name:	-
	Source Network Address:	-
	Source Port:		-

Detailed Authentication Information:
	Logon Process:		Advapi  
	Authentication Package:	Negotiate
	Transited Services:	-
	Package Name (NTLM only):	-
	Key Length:		0

This event is generated when a logon session is created. It is generated on the computer that was accessed.

The subject fields indicate the account on the local system which requested the logon. This is most commonly a service such as the Server service, or a local process such as Winlogon.exe or Services.exe.

The logon type field indicates the kind of logon that occurred. The most common types are 2 (interactive) and 3 (network).

The New Logon fields indicate the account for whom the new logon was created, i.e. the account that was logged on.

The network fields indicate where a remote logon request originated. Workstation name is not always available and may be left blank in some cases.

The impersonation level field indicates the extent to which a process in the logon session can impersonate.

The authentication information fields provide detailed information about this specific logon request.
	- Logon GUID is a unique identifier that can be used to correlate this event with a KDC event.
	- Transited services indicate which intermediate services have participated in this logon request.
	- Package name indicates which sub-protocol was used among the NTLM protocols.
	- Key length indicates the length of the generated session key. This will be 0 if no session key was requested.""",2,2024-10-22T12:49:01.2290348Z,32369,732,DESKTOP-LHSLH89,12544,664,AUDIT_SUCCESS,Microsoft-Windows-Security-Auditing,false,2,"[""10.2.5""]","[""164.312.b""]","[""CC6.8"",""CC7.2"",""CC7.3""]",Windows Logon Success,"[""windows"",""windows_security"",""authentication_success""]","[""AU.14"",""AC.7""]","[""IV_32.2""]",1,"[""Valid Accounts""]","[""T1078""]","[""Defense Evasion"",""Persistence"",""Privilege Escalation"",""Initial Access""]",60106,"[""7.1"",""7.2""]",windows_eventchannel,"{""win"":{""system"":{""providerName"":""Microsoft-Windows-Security-Auditing"",""providerGuid"":""{54849625-5478-4994-a5ba-3e3b0328c30d}"",""eventID"":""4624"",""version"":""2"",""level"":""0"",""task"":""12544"",""opcode"":""0"",""keywords"":""0x8020000000000000"",""systemTime"":""2024-10-22T12:49:01.2290348Z"",""eventRecordID"":""32369"",""processID"":""664"",""threadID"":""732"",""channel"":""Security"",""computer"":""DESKTOP-LHSLH89"",""severityValue"":""AUDIT_SUCCESS"",""message"":""\""An account was successfully logged on.\r\n\r\nSubject:\r\n\tSecurity ID:\t\tS-1-5-18\r\n\tAccount Name:\t\tDESKTOP-LHSLH89$\r\n\tAccount Domain:\t\tWORKGROUP\r\n\tLogon ID:\t\t0x3E7\r\n\r\nLogon Information:\r\n\tLogon Type:\t\t5\r\n\tRestricted Admin Mode:\t-\r\n\tVirtual Account:\t\tNo\r\n\tElevated Token:\t\tYes\r\n\r\nImpersonation Level:\t\tImpersonation\r\n\r\nNew Logon:\r\n\tSecurity ID:\t\tS-1-5-18\r\n\tAccount Name:\t\tSYSTEM\r\n\tAccount Domain:\t\tNT AUTHORITY\r\n\tLogon ID:\t\t0x3E7\r\n\tLinked Logon ID:\t\t0x0\r\n\tNetwork Account Name:\t-\r\n\tNetwork Account Domain:\t-\r\n\tLogon GUID:\t\t{00000000-0000-0000-0000-000000000000}\r\n\r\nProcess Information:\r\n\tProcess ID:\t\t0x27c\r\n\tProcess Name:\t\tC:\\Windows\\System32\\services.exe\r\n\r\nNetwork Information:\r\n\tWorkstation Name:\t-\r\n\tSource Network Address:\t-\r\n\tSource Port:\t\t-\r\n\r\nDetailed Authentication Information:\r\n\tLogon Process:\t\tAdvapi  \r\n\tAuthentication Package:\tNegotiate\r\n\tTransited Services:\t-\r\n\tPackage Name (NTLM only):\t-\r\n\tKey Length:\t\t0\r\n\r\nThis event is generated when a logon session is created. It is generated on the computer that was accessed.\r\n\r\nThe subject fields indicate the account on the local system which requested the logon. This is most commonly a service such as the Server service, or a local process such as Winlogon.exe or Services.exe.\r\n\r\nThe logon type field indicates the kind of logon that occurred. The most common types are 2 (interactive) and 3 (network).\r\n\r\nThe New Logon fields indicate the account for whom the new logon was created, i.e. the account that was logged on.\r\n\r\nThe network fields indicate where a remote logon request originated. Workstation name is not always available and may be left blank in some cases.\r\n\r\nThe impersonation level field indicates the extent to which a process in the logon session can impersonate.\r\n\r\nThe authentication information fields provide detailed information about this specific logon request.\r\n\t- Logon GUID is a unique identifier that can be used to correlate this event with a KDC event.\r\n\t- Transited services indicate which intermediate services have participated in this logon request.\r\n\t- Package name indicates which sub-protocol was used among the NTLM protocols.\r\n\t- Key length indicates the length of the generated session key. This will be 0 if no session key was requested.\""""},""eventdata"":{""subjectUserSid"":""S-1-5-18"",""subjectUserName"":""DESKTOP-LHSLH89$"",""subjectDomainName"":""WORKGROUP"",""subjectLogonId"":""0x3e7"",""targetUserSid"":""S-1-5-18"",""targetUserName"":""SYSTEM"",""targetDomainName"":""NT AUTHORITY"",""targetLogonId"":""0x3e7"",""logonType"":""5"",""logonProcessName"":""Advapi"",""authenticationPackageName"":""Negotiate"",""logonGuid"":""{00000000-0000-0000-0000-000000000000}"",""keyLength"":""0"",""processId"":""0x27c"",""processName"":""C:\\\\Windows\\\\System32\\\\services.exe"",""impersonationLevel"":""%%1833"",""virtualAccount"":""%%1843"",""targetLinkedLogonId"":""0x0"",""elevatedToken"":""%%1842""}}}",log,"Oct 22, 2024 @ 05:49:02.390",EventChannel,1729594142.2378,"Oct 22, 2024 @ 05:49:02.390", , , , , , , , , , , , , , , , , , , , , , , , , , , , , , , , , , , , , , , , , , , , , , , , , , , , , , , 
wazuh-archives-4.x-2024.10.22,EpbYs5IBGMSXMusAUu-h,1,1,192.168.100.3,DESKTOP-LHSLH89,001,wazuh,0x3e7,WORKGROUP,0x0,%%1833,Negotiate,0x3e7,Advapi,{00000000-0000-0000-0000-000000000000},SYSTEM,0,%%1842,S-1-5-18,0x27c,C:\\Windows\\System32\\services.exe,NT AUTHORITY,S-1-5-18,%%1843,5,DESKTOP-LHSLH89$,4624,0x8020000000000000,{54849625-5478-4994-a5ba-3e3b0328c30d},0,Security,0,"""An account was successfully logged on.

Subject:
	Security ID:		S-1-5-18
	Account Name:		DESKTOP-LHSLH89$
	Account Domain:		WORKGROUP
	Logon ID:		0x3E7

Logon Information:
	Logon Type:		5
	Restricted Admin Mode:	-
	Virtual Account:		No
	Elevated Token:		Yes

Impersonation Level:		Impersonation

New Logon:
	Security ID:		S-1-5-18
	Account Name:		SYSTEM
	Account Domain:		NT AUTHORITY
	Logon ID:		0x3E7
	Linked Logon ID:		0x0
	Network Account Name:	-
	Network Account Domain:	-
	Logon GUID:		{00000000-0000-0000-0000-000000000000}

Process Information:
	Process ID:		0x27c
	Process Name:		C:\Windows\System32\services.exe

Network Information:
	Workstation Name:	-
	Source Network Address:	-
	Source Port:		-

Detailed Authentication Information:
	Logon Process:		Advapi  
	Authentication Package:	Negotiate
	Transited Services:	-
	Package Name (NTLM only):	-
	Key Length:		0

This event is generated when a logon session is created. It is generated on the computer that was accessed.

The subject fields indicate the account on the local system which requested the logon. This is most commonly a service such as the Server service, or a local process such as Winlogon.exe or Services.exe.

The logon type field indicates the kind of logon that occurred. The most common types are 2 (interactive) and 3 (network).

The New Logon fields indicate the account for whom the new logon was created, i.e. the account that was logged on.

The network fields indicate where a remote logon request originated. Workstation name is not always available and may be left blank in some cases.

The impersonation level field indicates the extent to which a process in the logon session can impersonate.

The authentication information fields provide detailed information about this specific logon request.
	- Logon GUID is a unique identifier that can be used to correlate this event with a KDC event.
	- Transited services indicate which intermediate services have participated in this logon request.
	- Package name indicates which sub-protocol was used among the NTLM protocols.
	- Key length indicates the length of the generated session key. This will be 0 if no session key was requested.""",2,2024-10-22T12:49:01.9079953Z,32371,720,DESKTOP-LHSLH89,12544,664,AUDIT_SUCCESS,Microsoft-Windows-Security-Auditing,false,2,"[""10.2.5""]","[""164.312.b""]","[""CC6.8"",""CC7.2"",""CC7.3""]",Windows Logon Success,"[""windows"",""windows_security"",""authentication_success""]","[""AU.14"",""AC.7""]","[""IV_32.2""]",2,"[""Valid Accounts""]","[""T1078""]","[""Defense Evasion"",""Persistence"",""Privilege Escalation"",""Initial Access""]",60106,"[""7.1"",""7.2""]",windows_eventchannel,"{""win"":{""system"":{""providerName"":""Microsoft-Windows-Security-Auditing"",""providerGuid"":""{54849625-5478-4994-a5ba-3e3b0328c30d}"",""eventID"":""4624"",""version"":""2"",""level"":""0"",""task"":""12544"",""opcode"":""0"",""keywords"":""0x8020000000000000"",""systemTime"":""2024-10-22T12:49:01.9079953Z"",""eventRecordID"":""32371"",""processID"":""664"",""threadID"":""720"",""channel"":""Security"",""computer"":""DESKTOP-LHSLH89"",""severityValue"":""AUDIT_SUCCESS"",""message"":""\""An account was successfully logged on.\r\n\r\nSubject:\r\n\tSecurity ID:\t\tS-1-5-18\r\n\tAccount Name:\t\tDESKTOP-LHSLH89$\r\n\tAccount Domain:\t\tWORKGROUP\r\n\tLogon ID:\t\t0x3E7\r\n\r\nLogon Information:\r\n\tLogon Type:\t\t5\r\n\tRestricted Admin Mode:\t-\r\n\tVirtual Account:\t\tNo\r\n\tElevated Token:\t\tYes\r\n\r\nImpersonation Level:\t\tImpersonation\r\n\r\nNew Logon:\r\n\tSecurity ID:\t\tS-1-5-18\r\n\tAccount Name:\t\tSYSTEM\r\n\tAccount Domain:\t\tNT AUTHORITY\r\n\tLogon ID:\t\t0x3E7\r\n\tLinked Logon ID:\t\t0x0\r\n\tNetwork Account Name:\t-\r\n\tNetwork Account Domain:\t-\r\n\tLogon GUID:\t\t{00000000-0000-0000-0000-000000000000}\r\n\r\nProcess Information:\r\n\tProcess ID:\t\t0x27c\r\n\tProcess Name:\t\tC:\\Windows\\System32\\services.exe\r\n\r\nNetwork Information:\r\n\tWorkstation Name:\t-\r\n\tSource Network Address:\t-\r\n\tSource Port:\t\t-\r\n\r\nDetailed Authentication Information:\r\n\tLogon Process:\t\tAdvapi  \r\n\tAuthentication Package:\tNegotiate\r\n\tTransited Services:\t-\r\n\tPackage Name (NTLM only):\t-\r\n\tKey Length:\t\t0\r\n\r\nThis event is generated when a logon session is created. It is generated on the computer that was accessed.\r\n\r\nThe subject fields indicate the account on the local system which requested the logon. This is most commonly a service such as the Server service, or a local process such as Winlogon.exe or Services.exe.\r\n\r\nThe logon type field indicates the kind of logon that occurred. The most common types are 2 (interactive) and 3 (network).\r\n\r\nThe New Logon fields indicate the account for whom the new logon was created, i.e. the account that was logged on.\r\n\r\nThe network fields indicate where a remote logon request originated. Workstation name is not always available and may be left blank in some cases.\r\n\r\nThe impersonation level field indicates the extent to which a process in the logon session can impersonate.\r\n\r\nThe authentication information fields provide detailed information about this specific logon request.\r\n\t- Logon GUID is a unique identifier that can be used to correlate this event with a KDC event.\r\n\t- Transited services indicate which intermediate services have participated in this logon request.\r\n\t- Package name indicates which sub-protocol was used among the NTLM protocols.\r\n\t- Key length indicates the length of the generated session key. This will be 0 if no session key was requested.\""""},""eventdata"":{""subjectUserSid"":""S-1-5-18"",""subjectUserName"":""DESKTOP-LHSLH89$"",""subjectDomainName"":""WORKGROUP"",""subjectLogonId"":""0x3e7"",""targetUserSid"":""S-1-5-18"",""targetUserName"":""SYSTEM"",""targetDomainName"":""NT AUTHORITY"",""targetLogonId"":""0x3e7"",""logonType"":""5"",""logonProcessName"":""Advapi"",""authenticationPackageName"":""Negotiate"",""logonGuid"":""{00000000-0000-0000-0000-000000000000}"",""keyLength"":""0"",""processId"":""0x27c"",""processName"":""C:\\\\Windows\\\\System32\\\\services.exe"",""impersonationLevel"":""%%1833"",""virtualAccount"":""%%1843"",""targetLinkedLogonId"":""0x0"",""elevatedToken"":""%%1842""}}}",log,"Oct 22, 2024 @ 05:49:02.394",EventChannel,1729594142.2378,"Oct 22, 2024 @ 05:49:02.394", , , , , , , , , , , , , , , , , , , , , , , , , , , , , , , , , , , , , , , , , , , , , , , , , , , , , , , 
wazuh-archives-4.x-2024.10.22,E5bYs5IBGMSXMusAUu-h,1,1,192.168.100.3,DESKTOP-LHSLH89,001,wazuh,0x3e7,WORKGROUP,0x0,%%1833,Negotiate,0x3e7,Advapi,{00000000-0000-0000-0000-000000000000},SYSTEM,0,%%1842,S-1-5-18,0x27c,C:\\Windows\\System32\\services.exe,NT AUTHORITY,S-1-5-18,%%1843,5,DESKTOP-LHSLH89$,4624,0x8020000000000000,{54849625-5478-4994-a5ba-3e3b0328c30d},0,Security,0,"""An account was successfully logged on.

Subject:
	Security ID:		S-1-5-18
	Account Name:		DESKTOP-LHSLH89$
	Account Domain:		WORKGROUP
	Logon ID:		0x3E7

Logon Information:
	Logon Type:		5
	Restricted Admin Mode:	-
	Virtual Account:		No
	Elevated Token:		Yes

Impersonation Level:		Impersonation

New Logon:
	Security ID:		S-1-5-18
	Account Name:		SYSTEM
	Account Domain:		NT AUTHORITY
	Logon ID:		0x3E7
	Linked Logon ID:		0x0
	Network Account Name:	-
	Network Account Domain:	-
	Logon GUID:		{00000000-0000-0000-0000-000000000000}

Process Information:
	Process ID:		0x27c
	Process Name:		C:\Windows\System32\services.exe

Network Information:
	Workstation Name:	-
	Source Network Address:	-
	Source Port:		-

Detailed Authentication Information:
	Logon Process:		Advapi  
	Authentication Package:	Negotiate
	Transited Services:	-
	Package Name (NTLM only):	-
	Key Length:		0

This event is generated when a logon session is created. It is generated on the computer that was accessed.

The subject fields indicate the account on the local system which requested the logon. This is most commonly a service such as the Server service, or a local process such as Winlogon.exe or Services.exe.

The logon type field indicates the kind of logon that occurred. The most common types are 2 (interactive) and 3 (network).

The New Logon fields indicate the account for whom the new logon was created, i.e. the account that was logged on.

The network fields indicate where a remote logon request originated. Workstation name is not always available and may be left blank in some cases.

The impersonation level field indicates the extent to which a process in the logon session can impersonate.

The authentication information fields provide detailed information about this specific logon request.
	- Logon GUID is a unique identifier that can be used to correlate this event with a KDC event.
	- Transited services indicate which intermediate services have participated in this logon request.
	- Package name indicates which sub-protocol was used among the NTLM protocols.
	- Key length indicates the length of the generated session key. This will be 0 if no session key was requested.""",2,2024-10-22T12:49:03.3359354Z,32376,708,DESKTOP-LHSLH89,12544,664,AUDIT_SUCCESS,Microsoft-Windows-Security-Auditing,false,2,"[""10.2.5""]","[""164.312.b""]","[""CC6.8"",""CC7.2"",""CC7.3""]",Windows Logon Success,"[""windows"",""windows_security"",""authentication_success""]","[""AU.14"",""AC.7""]","[""IV_32.2""]",3,"[""Valid Accounts""]","[""T1078""]","[""Defense Evasion"",""Persistence"",""Privilege Escalation"",""Initial Access""]",60106,"[""7.1"",""7.2""]",windows_eventchannel,"{""win"":{""system"":{""providerName"":""Microsoft-Windows-Security-Auditing"",""providerGuid"":""{54849625-5478-4994-a5ba-3e3b0328c30d}"",""eventID"":""4624"",""version"":""2"",""level"":""0"",""task"":""12544"",""opcode"":""0"",""keywords"":""0x8020000000000000"",""systemTime"":""2024-10-22T12:49:03.3359354Z"",""eventRecordID"":""32376"",""processID"":""664"",""threadID"":""708"",""channel"":""Security"",""computer"":""DESKTOP-LHSLH89"",""severityValue"":""AUDIT_SUCCESS"",""message"":""\""An account was successfully logged on.\r\n\r\nSubject:\r\n\tSecurity ID:\t\tS-1-5-18\r\n\tAccount Name:\t\tDESKTOP-LHSLH89$\r\n\tAccount Domain:\t\tWORKGROUP\r\n\tLogon ID:\t\t0x3E7\r\n\r\nLogon Information:\r\n\tLogon Type:\t\t5\r\n\tRestricted Admin Mode:\t-\r\n\tVirtual Account:\t\tNo\r\n\tElevated Token:\t\tYes\r\n\r\nImpersonation Level:\t\tImpersonation\r\n\r\nNew Logon:\r\n\tSecurity ID:\t\tS-1-5-18\r\n\tAccount Name:\t\tSYSTEM\r\n\tAccount Domain:\t\tNT AUTHORITY\r\n\tLogon ID:\t\t0x3E7\r\n\tLinked Logon ID:\t\t0x0\r\n\tNetwork Account Name:\t-\r\n\tNetwork Account Domain:\t-\r\n\tLogon GUID:\t\t{00000000-0000-0000-0000-000000000000}\r\n\r\nProcess Information:\r\n\tProcess ID:\t\t0x27c\r\n\tProcess Name:\t\tC:\\Windows\\System32\\services.exe\r\n\r\nNetwork Information:\r\n\tWorkstation Name:\t-\r\n\tSource Network Address:\t-\r\n\tSource Port:\t\t-\r\n\r\nDetailed Authentication Information:\r\n\tLogon Process:\t\tAdvapi  \r\n\tAuthentication Package:\tNegotiate\r\n\tTransited Services:\t-\r\n\tPackage Name (NTLM only):\t-\r\n\tKey Length:\t\t0\r\n\r\nThis event is generated when a logon session is created. It is generated on the computer that was accessed.\r\n\r\nThe subject fields indicate the account on the local system which requested the logon. This is most commonly a service such as the Server service, or a local process such as Winlogon.exe or Services.exe.\r\n\r\nThe logon type field indicates the kind of logon that occurred. The most common types are 2 (interactive) and 3 (network).\r\n\r\nThe New Logon fields indicate the account for whom the new logon was created, i.e. the account that was logged on.\r\n\r\nThe network fields indicate where a remote logon request originated. Workstation name is not always available and may be left blank in some cases.\r\n\r\nThe impersonation level field indicates the extent to which a process in the logon session can impersonate.\r\n\r\nThe authentication information fields provide detailed information about this specific logon request.\r\n\t- Logon GUID is a unique identifier that can be used to correlate this event with a KDC event.\r\n\t- Transited services indicate which intermediate services have participated in this logon request.\r\n\t- Package name indicates which sub-protocol was used among the NTLM protocols.\r\n\t- Key length indicates the length of the generated session key. This will be 0 if no session key was requested.\""""},""eventdata"":{""subjectUserSid"":""S-1-5-18"",""subjectUserName"":""DESKTOP-LHSLH89$"",""subjectDomainName"":""WORKGROUP"",""subjectLogonId"":""0x3e7"",""targetUserSid"":""S-1-5-18"",""targetUserName"":""SYSTEM"",""targetDomainName"":""NT AUTHORITY"",""targetLogonId"":""0x3e7"",""logonType"":""5"",""logonProcessName"":""Advapi"",""authenticationPackageName"":""Negotiate"",""logonGuid"":""{00000000-0000-0000-0000-000000000000}"",""keyLength"":""0"",""processId"":""0x27c"",""processName"":""C:\\\\Windows\\\\System32\\\\services.exe"",""impersonationLevel"":""%%1833"",""virtualAccount"":""%%1843"",""targetLinkedLogonId"":""0x0"",""elevatedToken"":""%%1842""}}}",log,"Oct 22, 2024 @ 05:49:03.919",EventChannel,1729594143.2378,"Oct 22, 2024 @ 05:49:03.919", , , , , , , , , , , , , , , , , , , , , , , , , , , , , , , , , , , , , , , , , , , , , , , , , , , , , , , 
wazuh-archives-4.x-2024.10.22,Xpbbs5IBGMSXMusAMe8Z,1,1,192.168.100.3,DESKTOP-LHSLH89,001,wazuh,0x3e7,WORKGROUP,0x0,%%1833,Negotiate,0x3e7,Advapi,{00000000-0000-0000-0000-000000000000},SYSTEM,0,%%1842,S-1-5-18,0x27c,C:\\Windows\\System32\\services.exe,NT AUTHORITY,S-1-5-18,%%1843,5,DESKTOP-LHSLH89$,4624,0x8020000000000000,{54849625-5478-4994-a5ba-3e3b0328c30d},0,Security,0,"""An account was successfully logged on.

Subject:
	Security ID:		S-1-5-18
	Account Name:		DESKTOP-LHSLH89$
	Account Domain:		WORKGROUP
	Logon ID:		0x3E7

Logon Information:
	Logon Type:		5
	Restricted Admin Mode:	-
	Virtual Account:		No
	Elevated Token:		Yes

Impersonation Level:		Impersonation

New Logon:
	Security ID:		S-1-5-18
	Account Name:		SYSTEM
	Account Domain:		NT AUTHORITY
	Logon ID:		0x3E7
	Linked Logon ID:		0x0
	Network Account Name:	-
	Network Account Domain:	-
	Logon GUID:		{00000000-0000-0000-0000-000000000000}

Process Information:
	Process ID:		0x27c
	Process Name:		C:\Windows\System32\services.exe

Network Information:
	Workstation Name:	-
	Source Network Address:	-
	Source Port:		-

Detailed Authentication Information:
	Logon Process:		Advapi  
	Authentication Package:	Negotiate
	Transited Services:	-
	Package Name (NTLM only):	-
	Key Length:		0

This event is generated when a logon session is created. It is generated on the computer that was accessed.

The subject fields indicate the account on the local system which requested the logon. This is most commonly a service such as the Server service, or a local process such as Winlogon.exe or Services.exe.

The logon type field indicates the kind of logon that occurred. The most common types are 2 (interactive) and 3 (network).

The New Logon fields indicate the account for whom the new logon was created, i.e. the account that was logged on.

The network fields indicate where a remote logon request originated. Workstation name is not always available and may be left blank in some cases.

The impersonation level field indicates the extent to which a process in the logon session can impersonate.

